<?xml version="1.0" encoding="UTF-8"?>
<!-- Generated by org.testng.reporters.JUnitXMLReporter -->
<testsuite ignored="0" hostname="DESKTOP-M9C9CS2" failures="1" tests="1" name="Test regi" time="0.039" errors="0" timestamp="2023-05-24T11:12:06 IST">
  <testcase classname="TESTNG.test_registration" name="login_test_Regi" time="0.003">
    <failure type="java.lang.AssertionError" message="null">
      <![CDATA[java.lang.AssertionError: null
at TESTNG.test_registration.login_test_Regi(test_registration.java:32)
at java.base/java.util.ArrayList.forEach(ArrayList.java:1511)
... Removed 29 stack frames]]>
    </failure>
  </testcase> <!-- login_test_Regi -->
</testsuite> <!-- Test regi -->
