<?xml version="1.0" encoding="UTF-8"?>
<testng-results ignored="0" total="1" passed="1" failed="0" skipped="0">
  <reporter-output>
  </reporter-output>
  <suite started-at="2023-05-23T16:41:59 IST" name="Default suite" finished-at="2023-05-23T16:42:00 IST" duration-ms="1065">
    <groups>
    </groups>
    <test started-at="2023-05-23T16:41:59 IST" name="Default test" finished-at="2023-05-23T16:42:00 IST" duration-ms="1065">
      <class name="TESTNG.loginTest">
        <test-method is-config="true" signature="initialize()[pri:0, instance:TESTNG.loginTest@61001b64]" started-at="2023-05-23T16:41:59 IST" name="initialize" finished-at="2023-05-23T16:42:00 IST" duration-ms="493" status="PASS">
          <reporter-output>
          </reporter-output>
        </test-method> <!-- initialize -->
        <test-method signature="login()[pri:0, instance:TESTNG.loginTest@61001b64]" started-at="2023-05-23T16:42:00 IST" name="login" finished-at="2023-05-23T16:42:00 IST" duration-ms="18" status="PASS">
          <reporter-output>
          </reporter-output>
        </test-method> <!-- login -->
        <test-method is-config="true" signature="finish()[pri:0, instance:TESTNG.loginTest@61001b64]" started-at="2023-05-23T16:42:00 IST" name="finish" finished-at="2023-05-23T16:42:00 IST" duration-ms="507" status="PASS">
          <reporter-output>
          </reporter-output>
        </test-method> <!-- finish -->
      </class> <!-- TESTNG.loginTest -->
    </test> <!-- Default test -->
  </suite> <!-- Default suite -->
</testng-results>
